
[NotPalindromes]

We have never been to Asia, nor have we visited Africa.
The clock within this blog and the clock on my laptop are 1 hour different from each other.
If Purple People Eaters are real... where do they find purple people to eat?
He ran out of money, so he had to stop playing poker.
Hurry!
I checked to make sure that he was still alive.
He told us a very exciting adventure story.
Red Nevada vendor.
We have a lot of rain in June.
If you like tuna and tomato sauce- try combining the two. It's really not as bad as it sounds.
If the Easter Bunny and the Tooth Fairy had babies would they take your teeth and leave chocolate for you?
The mysterious diary records the voice.
I am happy to take your donation; any amount will be greatly appreciated.
I would have gotten the promotion, but my attendance wasn't good enough.
Yeah, I think it's a good environment for learning English.
She advised him to come back at once.
The stranger officiates the meal.
O Bobo! Get Indy clear! He'd render a red nerd eh? Ra! El Cid nite! Go Bobo!
The quick brown fox jumps over the lazy dog.
The lake is a long way from here.
Mary plays the piano.
She wrote him a long letter, but he didn't read it.
Malls are great places to shop; I can find everything I need under one roof.
The waves were crashing on the shore; it was a lovely sight.
She did not cheat on the test, for it was not the right thing to do.
Tini saw drawer, a reward was in it. Taem, no Devil lived on meat.
Tom got a small piece of pie.
The sky is clear; the stars are twinkling.
Italy is my favorite country; in fact, I plan to spend two weeks there next year.
He said he was not there yesterday; however, many people saw him there.
The old apple revels in its authority.
I want more detailed information.
She always speaks to him in a loud voice.
Everyone was busy, so I went to the movie alone.
He didn't want to go to the dentist, yet he went anyway.
Two seats were vacant.
I currently have 4 windows open up... and I don't know why.
I often see the time 11:11 or 12:34 on clocks.
Marge, let dam dogs in. Am on satire! Vow I am Cain. Am on spot. Am a Jap sniper. Red, raw murder on GI. Ignore drum. (Warner rips pajama tops.) No maniac, Ma! Iwo veritas: no man is God - Mad telegram.
The body may perhaps compensates for the loss of a true metaphysics.
The book is in front of the table.
I am counting my calories, yet I really want dessert.
I really want to go to work, but I am too sick to drive.
The river stole the gods.
Sixty-Four comes asking for bread.
Go Damian amid salad. Alas, dim Ana, I am a dog.
Should we start class now, or should we wait for everyone to get here?
A glittering gem is not enough.
Rock music approaches at high velocity.
She was too short to see over the fence.
Christmas is coming.
She borrowed the book from him many years ago and hasn't yet returned it.
Sometimes it is better to just walk away from things and go back to them later when you're in a better frame of mind.
There was no ice cream in the freezer, nor did they have money to go to the store.
Feds pary trams as martyr raps. Def!
What was the person thinking when they discovered cow's milk was fine for human consumption... and why did they do it in the first place!?
A man, a plan, a canal, Panama. [see Panama Palindromes below]
This is a Japanese doll.
I think I will buy the red car, or I will lease the blue one.
He turned in the research paper on Friday; otherwise, he would have not passed the class.
Please wait outside of the house.
How was the math test?
It was getting dark, and we weren't there yet.
The shooter says goodbye to his love.
I love eating toasted cheese and tuna sandwiches.
Someone I know recently combined Maple Syrup & buttered Popcorn thinking it would taste like caramel popcorn. It didn't and they don't recommend anyone else do it either.
When I was little I had a car door slammed shut on my hand. I still remember it quite vividly.
Cats are good pets, for they are clean and are not noisy.
There were white out conditions in the town; subsequently, the roads were impassable.
Last Friday in three week's time I saw a spotted striped blue worm shake hands with a legless lizard.
She folded her handkerchief neatly.
Joe made the sugar cookies; Susan decorated them.
Let me help you with your baggage.
I was very proud of my nickname throughout high school but today- I couldn't be any different to what my nickname was.
This is the last random sentence I will be writing and I am going to stop mid-sent
She did her best to help him.
My Mum tries to be cool by saying that she likes all the same things that I do.
Is it free?
A purple pig and a green donkey flew a kite in the middle of the night and ended up sunburnt.
Wow, does that work?
A song can make or ruin a person's day if they let it get to them.
I'd rather be a bird than a fish.
If I don't like something, I'll stay away from it.
Don't step on the broken glass.
They got there early, and they got really good seats.
Sometimes, all you need to do is completely make an ass of yourself and laugh it off to realise that life isn't so bad after all.
Where do random thoughts come from?
She works two jobs to make ends meet; at least, that was her reason for not having time to join us.
She only paints with bold colors; she does not like pastels.
Wednesday is hump day, but has anyone asked the camel if he's happy about it?
The memory we used to share is no longer coherent.
I am never at home on Sundays.
I hear that Nancy is very pretty.
Writing a list of random sentences is harder than I initially thought it would be.
I want to buy a onesie... but know it won't suit me.
Lets all be unique together until we realise we are all the same.
Abstraction is often one floor above you.
I will never be this young again. Ever. Oh damn... I just got older.
We need to rent a room for our party.
Check back tomorrow; I will see if the book has arrived.
