
[Palindromes]

A Santa snips pins at NASA.
A Toyota.
Ogre, flog a golfer. Go.
Set at serif, as Safire states.
Regal lager.
Party-trap.
I met System I.
Dairy myriad.
Sir, I soon saw Bob was no Osiris.
Kodak ad, OK.
A Toyota. Race fast, safe car. A Toyota
Yo, oy.
May a moody baby doom a yam?
Dennis sinned.
We panic in a pew.
Yo! Banana Boy.
Egad, a base tone denotes a bad age.
Timid, I'm it.
A Santa lives evil at NASA.
Never odd or even.
Was it a rat I saw?
Lee had a heel.
No, sir, prefer prison.
A.
Suneva, Nina is sure Russian in a Venus.
I led deli.
Eh, consider: red is noche.
Stunts is. Niece insist nuts.
No, it is open on one position.
Star Wars awe was raw rats.
He goddam mad dog, eh?
Trays simple help, missy art.
"Miry rim. So many daffodils," Delia wailed, "slid off a dynamo's miry rim."
Puff up.
A Santa stops pots at NASA.
Race fast, safe car.
Self-furnace Pecan ruffles.
T. Eliot nixes sex in toilet.
Was it a bar or a bat I saw?
Anne, I vote more cars race Rome to Vienna.
Draw putrid dirt upward.
Paganini: Din in A Gap.
Yreka Bakery.
No cabs' bulbs? A gnat's tool loots Tan "Gas" Blub's bacon.
Eros? Sidney, my end is sore.
"Naomi," I Moan.
Nurses run.
He did, eh?
No, son! Onanism's a gross orgasm sin -- a no-no, son.
Sad, I'm Midas.
Draw pupil's lip upward.
Unremarkable was I ere I saw Elba Kramer, nu?
Sore was I ere I saw Eros.
Del saw a sled.
Are we not drawn onward, we few, drawn onward to new era?
Daedalus: nine, Peninsula: dead.
Desserts I stressed.
Parkay yak rap.
Di as dad said.
Ma, I say. Lee's as eely as I am.
No misses ordered roses, Simon.
Lew, Otto has a hot towel.
Stratagem: megatarts.
Neil, an alien.
Doc, note I dissent a fatness. I diet on cod.
Reno loner.
"Peanuts' Legs" is Gels' Tuna EP.
Dumb mud.
He maps spam, eh?
Lived on Decaf, Faced no Devil.
O, geronimo, no minor ego.
Mo spell it so that lovers revolt. Ah to still Epsom.
Bel Paese a pleb.
Marge lets Norah see Sharon's telegram.
To Idi Amin: I'm a idiot.
Strap on no parts.
I'm runnin', Nurmi.
Deified.
Rise, sir lapdog. Revolt, lover God, pal, rise, sir.
Vanna, wanna V?
Rat-star.
A Santa spots tops at NASA.
Yo bob, mug a gumbo boy.
Drab bard.
No, I met System Ion.
But sad Eva saved a stub.
Nog eroded Oregon.
Did I draw Della too tall, Edward? I did?
"Do nine men interpret?" "Nine men," I nod.
Nosegay ages on.
Denim axes examined.
Note: nine Devo-organists in a groove den in Eton.
Late? Bill is ill. I bet, Al.
KC, answer DNA loop award. Emit time. Draw a pool. Andrew, snack.
Some men interpret nine memos.
A Santa's rats top Nat, as Satan pots tars at NASA.
Rotavator.
Emit no tot on time.
Rob a loneliness? Senile, no labor.
No, it is opposition.
Plan no damn Madonna LP.
A Santa spit taboo bat tips at NASA.
Llewopnotyalc, Madam, I'm Adam Clayton Powell.
Poor Dan is in a droop.
Top spot.
Snug all L.A. guns.
Pint a' Catnip.
So, Ida, adios.
Panda had nap.
Do good? I? No. Evil anon I deliver. I maim nine more hero-men in Saginaw, sanitary sword a-tuck, Carol, I. Lo! Rack, cut a drowsy rat in Aswan. I gas nine more hero-men in Miami. Reviled, I (Nona) live on. I do, O God.
No gnu have never after fret far, even Eva hung on.
Oh, no! Don Ho.
No stetson hats. Operas are post. Ah, no stetson.
Ed is on no side.
Sums are not set as a test on Erasmus.
A slut nixes sex in Tulsa.
Rise, take lame female Kate, sir.
Gold log.
Suppository rot, I sop pus.
No pet so tragic as a cigar to step on.
Della C., Bob called.
I, man, am regal, a German am I.
God to Hanoi on a hot dog.
Enid and Edna dine.
God lived as a devil dog.
Nail, ligature, rut. A Gillian?
Evil I did dwell, lewd did I live.
Age, irony, Noriega.
A Santa lived as a devil at NASA.
Model truth: turtledom.
A Santa spits tips at NASA.
Mr. Owl Ate My Metal Worm.
Kayak salad, Alaska yak.
Yo! job mug gumbo joy.
Devo met a Mr., eh, DNA and her mate moved.
Toni Tennille fell in net. I, not.
Pull up if I pull up.
Solos.
Rot-corpse Sumatran art amuses proctor.
Greta? Education? No, it a cud eater, G.
No, it can, as it is, it is a war. Raw as it is, it is an action.
Live not on evil, madam, live not on evil.
Stella won no wallets.
Ned, go gag Ogden.
We few erase cares, Al. Laser aces are we few.
Star? Come Donna Melba, I'm an amiable man, no Democrats.
God, a red nugget. A fat egg under a dog.
Bob, Level Bob.
Trade bad DA bed art.
Miry rim. So many daffodils slid off a dynamo's miry rim.
Eno misses ordered roses, Simone.
I did not revert on Didi.
'Tis Ivan on a visit.
Mayhem, eh Yam?
He stops spots, eh?
O, stone, be not so.
Too bad, I hid a boot.
Doc, note I dissent. A fast never prevents a fatness. I diet on cod.
O, memsahib Bart, rabbi has memo.
Meg, am I naive? No, yaw a kayak away on Evian. I'm a gem.
Roti de pup editor.
Camus sees sumac.
Ed, I saw Harpo Marx ram Oprah W. aside.
Sis, ask Costner to not rent socks "as is".
Tense, I snap Sharon roses, or Norah's pansies net.
Red? No. Who is it? 'Tis I. Oh, wonder!
Solo gigolos.
Lonely Tylenol.
Otto did bob did otto.
I yam, fun 'nuf. May I?
Amaryllis sillyrama.
I'm a lasagna, hang a salami.
Wet rare paper art, ew!
A Santa dog lived as a devil god at NASA.
Wontons? Not now.
Young Ada had a gnu. Oy!
No side, no in union, Edison.
A car, a man, a maraca.
Animal loots foliated detail of stool lamina.
Zeus was deified, saw Suez.
Kayak.
I saw desserts; I'd no lemons; alas, no melon. Distressed was I.
If I had a hi-fi.
Rats live on no evil star.
T. Eliot, top bard, notes putrid tang emanating, is sad, I'd assign it a name: gnat dirt upset on drab pot toilet.
Niagara, O roar again.
Noriega can idle, held in a cage, iron.
A dank, sad nap. Eels sleep and ask nada.
Nam was a saw man.
Xerxes was stunned. Eden nuts saw sex, rex.
Eel, urbane hen a brulee.
I won, Karen, an era know I.
A peg at lovely Tsar - a style voltage, pa.
Tuna nut.
Won't lovers revolt now?
Bombard a drab mob.
Saw tide rose? So red it was.
Oy, Oy, a tonsil is not a yo-yo.
Do not start at rats to nod.
And we saw a Jawa sew DNA.
Sit on a potato pan, Otis.
Red lost case, Ma. Jesse James acts older.
A maj, a plan, a canal, pajama.
Feeble, el beef.
Emu fat sap pasta fume.
A Santa at NASA.
Rae, bite yon no yeti bear.
Rise to vote, sir.
I roamed under it as a tired, nude Maori.
Norma is as selfless as I am, Ron.
Redivider.
I maim Miami.
A relic, Odin. I'm a mini, docile Ra.
Wonder if Sununu's fired now.
I saw a gif. Fig. A was I.
Not lads simple, help Miss Dalton.
Lewd I did live, evil did I dwel.
We few.
Sh, Tom sees moths.
Gustav Klimt milk vats - ug.
Reflog a golfer.
Rot can rob a born actor.
Fart, R.A.F.
God damn mad dog.
Drab as a fool, aloof as a bard.
Poor Das is a droop.
Gateman sees name, garageman sees name tag.
Sniff'um muffins.
Dee saw a seed.
Barge in. Relate mere war of 1991 for a were-metal Ernie grab.
Delia and Edna ailed
Laid on no dial.
Dennis, Nell, Edna, Leon, Nedra, Anita, Rolf, Nora, Alice, Carol, Leo, Jane, Reed, Dena, Dale, Basil, Rae, Penny, Lana, Dave, Denny, Lena, Ida, Bernadette, Ben, Ray, Lila, Nina, Jo, Ira, Mara, Sara, Mario, Jan, Ina, Lily, Arne, Bette, Dan, Reba, Diane, Lynn, Ed, Eva, Dana, Lynne, Pearl, Isabel, Ada, Ned, Dee, Rena, Joel, Lora, Cecil, Aaron, Flora, Tina, Arden, Noel, and Ellen sinned.
So many dynamos.
Sardi puts nog on stupid RA's.
Pa's a sap.
Reward animals, O Greg, ergo slam in a drawer.
Parcel bare ferret up mock computer-referable crap.
Stop, Syrian, I start at rats in airy spots.
Satan oscillate my metallic sonatas.
Ma has a ham.
He won snow, eh?
O, I dare not tone radio.
Nora, a raft! Is it far, Aaron?
A man, a pain, a mania, Panama.
Stab nail at ill Italian bats.
Pope pop.
Name now one man.
"M" lab menial slain: embalm.
Sworn I sit, 'tis in rows.
Neil A. sees alien.
Drat Saddam, a mad dastard.
Sore eye, Eros?
No, it is opposed, art sees trade's opposition
Straw? No, too stupid a fad, I put soot on warts.
Jar a tonga, nag not a raj.
Evade me, Dave.
I, zany Nazi.
Don't nod.
Wo Nemo, toss a lasso to me now.
The almanac can am laeht.
God save Eva's dog.
Dot saw I was Tod.
May it name 'em anti-yam?
A Santa spat taps at NASA.
A dog! A panic in a pagoda!
Bonk. One Mac. Newton sees not wen came (no knob).
Paget saw an Irish tooth, Sir, in a waste gap.
Woman maps yam snot and DNA. Tons may spam Nam. Ow!
Draw, O coward.
Must sell at tallest sum.
No cab, no tuna nut on bacon.
I'm a lass, a salad, new end alas as salami.
Embargos are macabre. Sad Nell, listen O, not to no nets. I'll lend a Serb a camera, so grab me.
No witness, a fool. A nasal aria's time emits air. Alas, an aloof assent: I won.
Lem saw I was Mel.
Sex-aware era waxes.
Remarkable was I ere I saw Elba Kramer.
Is Don Adams mad? (A nod.) Si.
UFO tofu.
Lisa Bonet ate no basil.
A man, a plan, an anal panama.
Won't cat lovers revolt? Act now!
Stop! Murder us not, tonsured rumpots.
Step on no pets.
Egad, an adage.
Alan Alda stops racecar, spots ad: "Lana-L.A."
On a clover, if alive, erupts a vast, pure evil, a fire volcano.
Splat, I hit Alps.
Go hang a salami, I'm a lasagna hog.
Emit a mile, lima time.
Lay a wallaby baby ball away, Al.
Goldenrod-adorned log.
Emil saw a slime.
Lepers repel.
Was it a car or a cat I saw?
"Naomi, sex at noon taxes," I moan.
Tulsa night life: filth, gin, a slut.
Is sensuousness I?
Dumb mobs bomb mud.
Was it a cat I saw?
God, a slap. Paris, sir, appals a dog.
Let O'Hara gain an inn in a niagara hotel.
Snug & raw was I ere I saw war & guns.
Murder for a jar of red rum.
I, Mary, tramp martyr. Am I?
Sex at noon taxes.
Ma is as selfless as I am.
Emil peed deep lime.
I, lad Dali.
E. Borgnine drags Dad's gardening robe.
Ah, Satan sees Natasha.
Deirdre wets altar of St. Simons - no mists, for at last ewer dried.
How? O, he boinks. Ask Niobe how. Oh.
Roy, am I mayor?
Laminated E.T. animal.
Harass sensuousness, Sarah.
O.E.D. or rodeo?
God saw I was dog.
Red rum, sir, is murder.
A tin mug for a jar of gum, Nita.
Egad, no bondage.
Not New York, Roy went on.
Trafalgar rag: La Fart.
Reviled did I live, said I, as evil I did deliver.
A Santa deified at NASA.
Was it a bat I saw?
Olli'd accept a fat peccadillo.
Kay, a red nude, peeped under a yak.
Live evil.
Straw warts.
"Regal as tide" Kramer remarked. "It's a lager."
Sup not on pus.
Rats drown in WordStar.
Redraw a warder.
A Fool, A Tool, A Pool; LOOPALOOTALOOFA!
Top step's pup's pet spot.
No, Mel Gibson is a casino's big lemon.
Enola Devil lived alone.
An Elena call: "Eek! I let a rapper named 'DeMan Reppa' rate like Ella." Can Elena?
Eno, rehtori. A fair other one.
I.
Rub bur.
Ten animals I slam in a net.
To Dr., et al. Re: Grub. Ma had a hamburger. Later, Dot.
Cain: A maniac.
Draw no dray a yard onward.
Dog, as a devil deified, lived as a god.
Man, Oprah's sharp on A.M.
I madam, I made radio! So I dared. Am I mad? Am I?
Guns 'n' robes, a base born snug.
A dog, a plan, a canal: pagoda.
N.A. medico: Negro Jamaica? A CIA major genocide, man.
Yo! Bottoms up, U.S. Motto, boy.
Depardieu, go razz a rogue I draped.
A Santa taps Pat at NASA.
Live dirt up a side track carted is a putrid evil.
No stetson.
A Santa snaps pans at NASA.
Eva can ignite virtuosos out riveting in a cave.
Dammit, I'm Mad.
Star-red rum and Edna murder rats.
Party boobytrap.
Aha!
Dior droid.
Madam in Eden, I'm Adam.
Was raw tap ale not a reviver at one lap at Warsaw?
Flesh, saw I Mimi wash self.
Naomi, did I moan?
Bird rib.
Gnu dung.
Live not on evil.
Raw sexes war.
Able was I, ere I saw Elba.
Dogma? I am God.
Reg, Its sarcastic. Its a crass tiger.
Delia saw I was ailed.
Harasoo, Sarah.
Are we not drawn onward to new era?
No lemons, no melon.
Yawn a more Roman way.
Detartrated.
Warsaw was raw.
He won't, ah, wander, Edna. What now, eh?
Bush saw Sununu swash sub.
Otto saw pup, pup was Otto.
Madam, I'm Adam.
Star comedy by Democrats.
Senile felines.
Pus, Dan, Ogre sales use laser gonads up.
Re-paper.
Campus motto: Bottoms up, Mac.
So, G. Rivera's tots are virgos.
I did, did I?
No, she stops spots, eh, son?
Damn. I, Agassi, miss again. Mad.
Evil olive.
Al lets Della call Ed Stella.
Man, Eve let an irate tar in at eleven a.m.
Yell upset a cider, predicates pulley.
Racecar.
To last, Carter retracts a lot.
Golf? No sir, prefer prison flog.
Tarzan raised Desi Arnaz' rat.
Eros' sis is sore.
Do geese see god?
You buoy.
Egad, a base life defiles a bad age.
God, a saw was a dog.
Gift fig.
Go hang a salami, doc. Note: I dissent, a fast never prevents a fatness. I diet on cod, I'm a lasagna hog.
Lager, sir, is regal.
Dennis and Edna sinned.
Cigar? Toss it in a can. It is so tragic.
Eda Nomel's lemonade.
Ma is a nun, as I am.
Emit Eno one time.
I'm, alas, a salami.
Named undenominationally rebel, I rile Beryl. La, no! I tan. I'm, O Ned, nude man.
Too hot to hoot.
Now's evil for evil? Ah, a liver of lives won.
Viva le te de Tel Aviv.
A Santa pets rats, as Pat taps a star step at NASA.
Lid of fade, metallic soot, emit Garret-simple, help mister ragtime to oscillate me, daffodil.
Vote to not slip up, refer pupils to note TOV.
I, Rasputin, knit up Sari.
Radar.
Sexes.
Tangy gnat.
Was it Eliot's toilet I saw?
A fine snore, rare Ronsen IFA.
Gert, I saw Ron avoid a radio-van, or was it Reg?
Yaw. A sleep apnoea. A eon, Pa, peels away.
Now, Ned, I am a maiden nun. Ned, I am a maiden won.
Raw, evil dam on Niagara. Gain net time. Sub bus, emit ten Niagara. Gain no mad, live war.
Drat Sadat, a dastard.
Eva, can I stab bats in a cave?
We seven, Eve, sew.
Swen, on gnus, sung no news.
God lived on no devil dog.
God, Edam made dog.
Mad dastard, a sad rat - Saddam.
Tons o' snot.
Rococo "R".
Go deliver a dare, vile dog
Yawn. Madonna fan? No damn way.
Sis, Sargasso moss a grass is.
Rats ailed, damn it, in mad Delia's tar.
DNA-land.
Flee to me, remote elf.
